100%|█████████████████████████████████████████████████████████████████████████████████████████████████████████████████████| 2122/2122 [15:04<00:00,  2.35it/s]
2025-01-11 03:29:43, INFO:temp:[Eval]: DFC19_OMA nDSM Estimate metrics:
2025-01-11 03:29:43, INFO:temp:Metric    | whole               | low                 | mid                 | high               
2025-01-11 03:29:43, INFO:temp:-------------------------------------------------------------------------------------------------
2025-01-11 03:29:43, INFO:temp:mae       | 1.630               | 3.836               | 4.265               | 4.553              
2025-01-11 03:29:43, INFO:temp:rmse      | 2.967               | 4.970               | 5.366               | 5.646              
2025-01-11 03:29:43, INFO:temp:mse       | 13.256              | 31.667              | 36.164              | 39.695             
2025-01-11 03:29:43, INFO:temp:log       | 2.419               | 1.288               | 1.047               | 0.920              
2025-01-11 03:29:43, INFO:temp:delta     | 0.161, 0.228, 0.281 | 0.161, 0.300, 0.404 | 0.182, 0.339, 0.454 | 0.195, 0.365, 0.488
2025-01-11 03:29:43, INFO:temp:OA        | 0.811, 0.828, 0.838 | N/A                 | N/A                 | N/A                
2025-01-11 03:29:43, INFO:temp:precision | 0.467, 0.595, 0.652 | N/A                 | N/A                 | N/A                
2025-01-11 03:29:44, INFO:temp:recall    | 0.406, 0.523, 0.576 | N/A                 | N/A                 | N/A                
2025-01-11 03:29:44, INFO:temp:f1_score  | 0.409, 0.533, 0.589 | N/A                 | N/A                 | N/A                
2025-01-11 03:29:44, INFO:temp:Kappa     | 0.297, 0.418, 0.472 | N/A                 | N/A                 | N/A                
2025-01-11 03:29:44, INFO:temp:ac        | 0.000               | N/A                 | N/A                 | N/A                
2025-01-11 03:29:44, INFO:temp:-------------------------------------------------------------------------------------------------
2025-01-11 03:29:45, INFO:temp:Testing on dataset: DFC19_JAX
100%|█████████████████████████████████████████████████████████████████████████████████████████████████████████████████████| 1218/1218 [08:40<00:00,  2.34it/s]
2025-01-11 03:38:27, INFO:temp:[Eval]: DFC19_JAX nDSM Estimate metrics:
2025-01-11 03:38:27, INFO:temp:Metric    | whole               | low                 | mid                 | high               
2025-01-11 03:38:27, INFO:temp:-------------------------------------------------------------------------------------------------
2025-01-11 03:38:27, INFO:temp:mae       | 2.677               | 4.489               | 4.833               | 5.059              
2025-01-11 03:38:27, INFO:temp:rmse      | 4.573               | 6.100               | 6.402               | 6.625              
2025-01-11 03:38:27, INFO:temp:mse       | 32.063              | 52.995              | 58.174              | 62.077             
2025-01-11 03:38:27, INFO:temp:log       | 1.624               | 0.995               | 0.859               | 0.764              
2025-01-11 03:38:27, INFO:temp:delta     | 0.161, 0.276, 0.359 | 0.212, 0.388, 0.509 | 0.230, 0.422, 0.551 | 0.244, 0.447, 0.582
2025-01-11 03:38:27, INFO:temp:OA        | 0.748, 0.785, 0.805 | N/A                 | N/A                 | N/A                
2025-01-11 03:38:27, INFO:temp:precision | 0.548, 0.686, 0.740 | N/A                 | N/A                 | N/A                
2025-01-11 03:38:27, INFO:temp:recall    | 0.605, 0.717, 0.761 | N/A                 | N/A                 | N/A                
2025-01-11 03:38:27, INFO:temp:f1_score  | 0.556, 0.687, 0.739 | N/A                 | N/A                 | N/A                
2025-01-11 03:38:27, INFO:temp:Kappa     | 0.367, 0.492, 0.541 | N/A                 | N/A                 | N/A                
2025-01-11 03:38:27, INFO:temp:ac        | 0.000               | N/A                 | N/A                 | N/A                
2025-01-11 03:38:27, INFO:temp:-------------------------------------------------------------------------------------------------
2025-01-11 03:38:28, INFO:temp:Testing on dataset: DFC18
100%|█████████████████████████████████████████████████████████████████████████████████████████████████████████████████████████| 26/26 [00:13<00:00,  1.92it/s]
2025-01-11 03:38:44, INFO:temp:[Eval]: DFC18 nDSM Estimate metrics:
2025-01-11 03:38:44, INFO:temp:Metric    | whole               | low                 | mid                 | high               
2025-01-11 03:38:44, INFO:temp:-------------------------------------------------------------------------------------------------
2025-01-11 03:38:44, INFO:temp:mae       | 1.643               | 3.111               | 3.413               | 3.583              
2025-01-11 03:38:44, INFO:temp:rmse      | 2.899               | 4.152               | 4.432               | 4.617              
2025-01-11 03:38:44, INFO:temp:mse       | 10.029              | 19.395              | 22.039              | 23.819             
2025-01-11 03:38:44, INFO:temp:log       | 1.956               | 1.011               | 0.797               | 0.669              
2025-01-11 03:38:44, INFO:temp:delta     | 0.169, 0.260, 0.326 | 0.215, 0.386, 0.504 | 0.239, 0.429, 0.557 | 0.253, 0.455, 0.589
2025-01-11 03:38:44, INFO:temp:OA        | 0.780, 0.806, 0.821 | N/A                 | N/A                 | N/A                
2025-01-11 03:38:44, INFO:temp:precision | 0.559, 0.696, 0.750 | N/A                 | N/A                 | N/A                
2025-01-11 03:38:44, INFO:temp:recall    | 0.576, 0.704, 0.755 | N/A                 | N/A                 | N/A                
2025-01-11 03:38:44, INFO:temp:f1_score  | 0.555, 0.692, 0.747 | N/A                 | N/A                 | N/A                
2025-01-11 03:38:44, INFO:temp:Kappa     | 0.404, 0.539, 0.592 | N/A                 | N/A                 | N/A                
2025-01-11 03:38:44, INFO:temp:ac        | 0.000               | N/A                 | N/A                 | N/A                
2025-01-11 03:38:44, INFO:temp:-------------------------------------------------------------------------------------------------
2025-01-11 03:38:46, INFO:temp:Testing on dataset: geonrw_rural
100%|█████████████████████████████████████████████████████████████████████████████████████████████████████████████████████| 2567/2567 [17:49<00:00,  2.40it/s]
2025-01-11 03:56:37, INFO:temp:[Eval]: geonrw_rural nDSM Estimate metrics:
2025-01-11 03:56:37, INFO:temp:Metric    | whole               | low                 | mid                 | high               
2025-01-11 03:56:37, INFO:temp:-------------------------------------------------------------------------------------------------
2025-01-11 03:56:37, INFO:temp:mae       | 1.459               | 3.730               | 4.114               | 4.360              
2025-01-11 03:56:37, INFO:temp:rmse      | 2.522               | 4.635               | 4.977               | 5.221              
2025-01-11 03:56:37, INFO:temp:mse       | 8.351               | 24.021              | 27.400              | 30.181             
2025-01-11 03:56:37, INFO:temp:log       | 3.244               | 1.684               | 1.350               | 1.132              
2025-01-11 03:56:37, INFO:temp:delta     | 0.163, 0.220, 0.271 | 0.139, 0.279, 0.406 | 0.157, 0.314, 0.455 | 0.169, 0.340, 0.492
2025-01-11 03:56:37, INFO:temp:OA        | 0.800, 0.823, 0.837 | N/A                 | N/A                 | N/A                
2025-01-11 03:56:37, INFO:temp:precision | 0.348, 0.502, 0.586 | N/A                 | N/A                 | N/A                
2025-01-11 03:56:37, INFO:temp:recall    | 0.630, 0.727, 0.772 | N/A                 | N/A                 | N/A                
2025-01-11 03:56:37, INFO:temp:f1_score  | 0.415, 0.566, 0.642 | N/A                 | N/A                 | N/A                
2025-01-11 03:56:37, INFO:temp:Kappa     | 0.309, 0.442, 0.509 | N/A                 | N/A                 | N/A                
2025-01-11 03:56:37, INFO:temp:ac        | 0.000               | N/A                 | N/A                 | N/A                
2025-01-11 03:56:37, INFO:temp:-------------------------------------------------------------------------------------------------
2025-01-11 03:56:38, INFO:temp:Testing on dataset: geonrw_urban
100%|█████████████████████████████████████████████████████████████████████████████████████████████████████████████████████| 7258/7258 [51:42<00:00,  2.34it/s]
2025-01-11 04:48:23, INFO:temp:[Eval]: geonrw_urban nDSM Estimate metrics:
2025-01-11 04:48:23, INFO:temp:Metric    | whole               | low                 | mid                 | high               
2025-01-11 04:48:23, INFO:temp:-------------------------------------------------------------------------------------------------
2025-01-11 04:48:23, INFO:temp:mae       | 1.970               | 3.497               | 3.839               | 4.089              
2025-01-11 04:48:23, INFO:temp:rmse      | 3.003               | 4.346               | 4.650               | 4.902              
2025-01-11 04:48:23, INFO:temp:mse       | 10.971              | 21.505              | 24.346              | 26.976             
2025-01-11 04:48:23, INFO:temp:log       | 3.045               | 2.069               | 1.733               | 1.464              
2025-01-11 04:48:23, INFO:temp:delta     | 0.156, 0.231, 0.292 | 0.137, 0.264, 0.369 | 0.155, 0.297, 0.412 | 0.169, 0.324, 0.451
2025-01-11 04:48:23, INFO:temp:OA        | 0.640, 0.683, 0.709 | N/A                 | N/A                 | N/A                
2025-01-11 04:48:23, INFO:temp:precision | 0.288, 0.422, 0.495 | N/A                 | N/A                 | N/A                
2025-01-11 04:48:23, INFO:temp:recall    | 0.667, 0.752, 0.790 | N/A                 | N/A                 | N/A                
2025-01-11 04:48:23, INFO:temp:f1_score  | 0.374, 0.515, 0.586 | N/A                 | N/A                 | N/A                
2025-01-11 04:48:23, INFO:temp:Kappa     | 0.177, 0.281, 0.336 | N/A                 | N/A                 | N/A                
2025-01-11 04:48:23, INFO:temp:ac        | 0.000               | N/A                 | N/A                 | N/A                
2025-01-11 04:48:23, INFO:temp:-------------------------------------------------------------------------------------------------
2025-01-11 04:48:24, INFO:temp:Testing on dataset: OGC_ARG
100%|█████████████████████████████████████████████████████████████████████████████████████████████████████████████████████| 8106/8106 [57:20<00:00,  2.36it/s]
2025-01-11 05:45:47, INFO:temp:[Eval]: OGC_ARG nDSM Estimate metrics:
2025-01-11 05:45:48, INFO:temp:Metric    | whole               | low                 | mid                 | high               
2025-01-11 05:45:48, INFO:temp:-------------------------------------------------------------------------------------------------
2025-01-11 05:45:48, INFO:temp:mae       | 1.986               | 2.673               | 2.859               | 3.015              
2025-01-11 05:45:48, INFO:temp:rmse      | 2.995               | 3.618               | 3.793               | 3.971              
2025-01-11 05:45:48, INFO:temp:mse       | 10.705              | 15.593              | 16.994              | 18.768             
2025-01-11 05:45:48, INFO:temp:log       | 0.698               | 0.539               | 0.469               | 0.411              
2025-01-11 05:45:48, INFO:temp:delta     | 0.210, 0.391, 0.522 | 0.237, 0.436, 0.575 | 0.256, 0.471, 0.620 | 0.269, 0.498, 0.655
2025-01-11 05:45:48, INFO:temp:OA        | 0.695, 0.768, 0.799 | N/A                 | N/A                 | N/A                
2025-01-11 05:45:48, INFO:temp:precision | 0.609, 0.732, 0.779 | N/A                 | N/A                 | N/A                
2025-01-11 05:45:48, INFO:temp:recall    | 0.711, 0.790, 0.820 | N/A                 | N/A                 | N/A                
2025-01-11 05:45:48, INFO:temp:f1_score  | 0.636, 0.745, 0.786 | N/A                 | N/A                 | N/A                
2025-01-11 05:45:48, INFO:temp:Kappa     | 0.284, 0.378, 0.414 | N/A                 | N/A                 | N/A                
2025-01-11 05:45:48, INFO:temp:ac        | 0.000               | N/A                 | N/A                 | N/A                
2025-01-11 05:45:48, INFO:temp:-------------------------------------------------------------------------------------------------
2025-01-11 05:45:49, INFO:temp:Testing on dataset: OGC_ATL
100%|█████████████████████████████████████████████████████████████████████████████████████████████████████████████████████| 3356/3356 [25:18<00:00,  2.21it/s]
2025-01-11 06:11:09, INFO:temp:[Eval]: OGC_ATL nDSM Estimate metrics:
2025-01-11 06:11:09, INFO:temp:Metric    | whole               | low                 | mid                 | high               
2025-01-11 06:11:09, INFO:temp:-------------------------------------------------------------------------------------------------
2025-01-11 06:11:09, INFO:temp:mae       | 5.574               | 7.592               | 8.186               | 8.626              
2025-01-11 06:11:09, INFO:temp:rmse      | 8.650               | 10.282              | 10.762              | 11.133             
2025-01-11 06:11:09, INFO:temp:mse       | 101.787             | 134.260             | 145.652             | 154.861            
2025-01-11 06:11:09, INFO:temp:log       | 1.063               | 0.882               | 0.823               | 0.776              
2025-01-11 06:11:09, INFO:temp:delta     | 0.107, 0.199, 0.280 | 0.122, 0.225, 0.310 | 0.130, 0.241, 0.330 | 0.135, 0.250, 0.344
2025-01-11 06:11:09, INFO:temp:OA        | 0.604, 0.656, 0.691 | N/A                 | N/A                 | N/A                
2025-01-11 06:11:09, INFO:temp:precision | 0.392, 0.537, 0.618 | N/A                 | N/A                 | N/A                
2025-01-11 06:11:09, INFO:temp:recall    | 0.493, 0.619, 0.683 | N/A                 | N/A                 | N/A                
2025-01-11 06:11:09, INFO:temp:f1_score  | 0.408, 0.551, 0.629 | N/A                 | N/A                 | N/A                
2025-01-11 06:11:09, INFO:temp:Kappa     | 0.122, 0.244, 0.312 | N/A                 | N/A                 | N/A                
2025-01-11 06:11:09, INFO:temp:ac        | 0.000               | N/A                 | N/A                 | N/A                
2025-01-11 06:11:09, INFO:temp:-------------------------------------------------------------------------------------------------
2025-01-11 06:11:11, INFO:temp:[Eval]: OVERALL nDSM Estimate metrics:
2025-01-11 06:11:11, INFO:temp:Metric    | whole               | low                 | mid                 | high               
2025-01-11 06:11:11, INFO:temp:-------------------------------------------------------------------------------------------------
2025-01-11 06:11:11, INFO:temp:mae       | 2.420               | 4.133               | 4.501               | 4.755              
2025-01-11 06:11:11, INFO:temp:rmse      | 3.944               | 5.443               | 5.769               | 6.016              
2025-01-11 06:11:11, INFO:temp:mse       | 26.738              | 42.776              | 47.253              | 50.911             
2025-01-11 06:11:11, INFO:temp:log       | 2.007               | 1.210               | 1.011               | 0.876              
2025-01-11 06:11:11, INFO:temp:delta     | 0.161, 0.258, 0.333 | 0.175, 0.326, 0.440 | 0.193, 0.359, 0.483 | 0.205, 0.383, 0.514
2025-01-11 06:11:11, INFO:temp:OA        | 0.725, 0.764, 0.786 | N/A                 | N/A                 | N/A                
2025-01-11 06:11:11, INFO:temp:precision | 0.459, 0.596, 0.660 | N/A                 | N/A                 | N/A                
2025-01-11 06:11:11, INFO:temp:recall    | 0.584, 0.690, 0.737 | N/A                 | N/A                 | N/A                
2025-01-11 06:11:11, INFO:temp:f1_score  | 0.479, 0.612, 0.674 | N/A                 | N/A                 | N/A                
2025-01-11 06:11:11, INFO:temp:Kappa     | 0.280, 0.399, 0.454 | N/A                 | N/A                 | N/A                
2025-01-11 06:11:11, INFO:temp:ac        | 0.000               | N/A                 | N/A                 | N/A                
2025-01-11 06:11:11, INFO:temp:-------------------------------------------------------------------------------------------------
2025-01-11 06:11:11, INFO:temp:[Eval]: OOD_OVERALL nDSM Estimate metrics:
2025-01-11 06:11:11, INFO:temp:Metric    | whole               | low                 | mid                 | high               
2025-01-11 06:11:11, INFO:temp:-------------------------------------------------------------------------------------------------
2025-01-11 06:11:11, INFO:temp:mae       | 2.420               | 4.133               | 4.501               | 4.755              
2025-01-11 06:11:11, INFO:temp:rmse      | 3.944               | 5.443               | 5.769               | 6.016              
2025-01-11 06:11:11, INFO:temp:mse       | 26.738              | 42.776              | 47.253              | 50.911             
2025-01-11 06:11:11, INFO:temp:log       | 2.007               | 1.210               | 1.011               | 0.876              
2025-01-11 06:11:11, INFO:temp:delta     | 0.161, 0.258, 0.333 | 0.175, 0.326, 0.440 | 0.193, 0.359, 0.483 | 0.205, 0.383, 0.514
2025-01-11 06:11:11, INFO:temp:OA        | 0.725, 0.764, 0.786 | N/A                 | N/A                 | N/A                
2025-01-11 06:11:11, INFO:temp:precision | 0.459, 0.596, 0.660 | N/A                 | N/A                 | N/A                
2025-01-11 06:11:11, INFO:temp:recall    | 0.584, 0.690, 0.737 | N/A                 | N/A                 | N/A                
2025-01-11 06:11:11, INFO:temp:f1_score  | 0.479, 0.612, 0.674 | N/A                 | N/A                 | N/A                
2025-01-11 06:11:11, INFO:temp:Kappa     | 0.280, 0.399, 0.454 | N/A                 | N/A                 | N/A                
2025-01-11 06:11:11, INFO:temp:ac        | 0.000               | N/A                 | N/A                 | N/A                
2025-01-11 06:11:11, INFO:temp:-------------------------------------------------------------------------------------------------